<?xml version="1.0" encoding="UTF-8"?>
<!-- Generated by org.testng.reporters.JUnitReportReporter -->
<testsuite skipped="0" hostname="Techs-iMac.local.tld" name="scripts.UnitedBaseTest" tests="5" failures="0" timestamp="2023-02-01T17:29:32 CST" time="66.512" errors="0">
  <testcase name="validateNavHeaders" time="8.869" classname="scripts.UnitedBaseTest"/>
  <system-out/>
  <testcase name="validateTravelMenu" time="14.947" classname="scripts.UnitedBaseTest"/>
  <system-out/>
  <testcase name="validateRadioButtons" time="10.935" classname="scripts.UnitedBaseTest"/>
  <system-out/>
  <testcase name="validateCheckboxes" time="14.610" classname="scripts.UnitedBaseTest"/>
  <system-out/>
  <testcase name="validateOneWaySearchResults" time="17.151" classname="scripts.UnitedBaseTest"/>
  <system-out/>
</testsuite> <!-- scripts.UnitedBaseTest -->
